[21:28:19] [ServerMain/INFO]: [bootstrap] Running Java 21 (OpenJDK 64-Bit Server VM 21.0.10+7-LTS; Microsoft Microsoft-13106404) on Windows 10 10.0 (amd64)
[21:28:19] [ServerMain/INFO]: [bootstrap] Loading Paper 1.21.11-128-ver/1.21.11@1fdbce1 (2026-04-04T20:51:11Z) for Minecraft 1.21.11
[21:28:20] [ServerMain/INFO]: [PluginInitializerManager] Initializing plugins...
[21:28:21] [ServerMain/INFO]: [PluginInitializerManager] Initialized 1 plugin
[21:28:21] [ServerMain/INFO]: [PluginInitializerManager] Paper plugins (1):
 - unicaleMechanics (1.0-SNAPSHOT)
[21:28:30] [ServerMain/INFO]: Environment: Environment[sessionHost=https://sessionserver.mojang.com, servicesHost=https://api.minecraftservices.com, profilesHost=https://api.mojang.com, name=PROD]
[21:28:30] [ServerMain/INFO]: Found new data pack file/bukkit, loading it automatically
[21:28:30] [ServerMain/INFO]: Found new data pack paper, loading it automatically
[21:28:31] [ServerMain/INFO]: No existing world data, creating new world
[21:28:33] [ServerMain/INFO]: Loaded 1470 recipes
[21:28:33] [ServerMain/INFO]: Loaded 1584 advancements
[21:28:33] [ServerMain/INFO]: [ca.spottedleaf.dataconverter.minecraft.datatypes.MCTypeRegistry] Initialising converters for DataConverter...
[21:28:33] [ServerMain/INFO]: [ca.spottedleaf.dataconverter.minecraft.datatypes.MCTypeRegistry] Finished initialising converters for DataConverter in 575,9ms
[21:28:34] [Server thread/INFO]: Starting minecraft server version 1.21.11
[21:28:34] [Server thread/INFO]: Loading properties
[21:28:34] [Server thread/INFO]: This server is running Paper version 1.21.11-128-ver/1.21.11@1fdbce1 (2026-04-04T20:51:11Z) (Implementing API version 1.21.11-R0.1-SNAPSHOT)
[21:28:34] [Server thread/INFO]: [spark] This server bundles the spark profiler. For more information please visit https://docs.papermc.io/paper/profiling
[21:28:34] [Server thread/INFO]: Using 4 threads for Netty based IO
[21:28:34] [Server thread/INFO]: Server Ping Player Sample Count: 12
[21:28:35] [Server thread/INFO]: [MoonriseCommon] Paper is using 4 worker threads, 1 I/O threads
[21:28:35] [Server thread/INFO]: Default game type: SURVIVAL
[21:28:35] [Server thread/INFO]: Generating keypair
[21:28:35] [Server thread/INFO]: Starting Minecraft server on *:25565
[21:28:36] [Server thread/INFO]: Paper: Using Java compression from Velocity.
[21:28:36] [Server thread/INFO]: Paper: Using Java cipher from Velocity.
[21:28:36] [Server thread/INFO]: [UNI] Loading server plugin unicaleMechanics v1.0-SNAPSHOT
[21:28:36] [Server thread/INFO]: Server permissions file permissions.yml is empty, ignoring it
[21:28:36] [Server thread/INFO]: [UNI] Enabling unicaleMechanics v1.0-SNAPSHOT
[21:28:36] [Server thread/INFO]: [UNI] §a╔════════════════════════════════════╗
[21:28:36] [Server thread/INFO]: [UNI] §a║       UnicaleMechanics v1.0       ║
[21:28:36] [Server thread/INFO]: [UNI] §a║          Author: MA102            ║
[21:28:36] [Server thread/INFO]: [UNI] §a╚════════════════════════════════════╝
[21:28:36] [Server thread/INFO]: Preparing level "world"
[21:28:36] [Server thread/INFO]: Selecting spawn point for world 'minecraft:overworld'...
[21:28:40] [Server thread/INFO]: Selecting spawn point for world 'minecraft:the_nether'...
[21:28:41] [Server thread/INFO]: Selecting spawn point for world 'minecraft:the_end'...
[21:28:42] [Server thread/INFO]: Loading 0 persistent chunks for world 'minecraft:overworld'...
[21:28:42] [Server thread/INFO]: Preparing spawn area: 100%
[21:28:42] [Server thread/INFO]: Prepared spawn area in 5132 ms
[21:28:42] [Server thread/INFO]: Loading 0 persistent chunks for world 'minecraft:the_nether'...
[21:28:42] [Server thread/INFO]: Preparing spawn area: 100%
[21:28:42] [Server thread/INFO]: Prepared spawn area in 1034 ms
[21:28:42] [Server thread/INFO]: Loading 0 persistent chunks for world 'minecraft:the_end'...
[21:28:42] [Server thread/INFO]: Preparing spawn area: 100%
[21:28:42] [Server thread/INFO]: Prepared spawn area in 85 ms
[21:28:42] [Server thread/INFO]: Done preparing level "world" (5.677s)
[21:28:42] [Server thread/INFO]: [spark] Starting background profiler...
[21:28:42] [Server thread/INFO]: [spark] The async-profiler engine is not supported for your os/arch (windows10/amd64), so the built-in Java engine will be used instead.
[21:28:42] [Server thread/INFO]: Running delayed init tasks
[21:28:42] [Server thread/INFO]: Done (24.177s)! For help, type "help"
